<?xml version="1.0" encoding="UTF-8"?>
<!-- Generated by org.testng.reporters.JUnitXMLReporter -->
<testsuite ignored="0" hostname="NatsenetDell" failures="0" tests="2" name="OpencartTest(failed)" time="37.724" errors="0" timestamp="2023-12-21T14:21:50 IST">
  <testcase classname="testCases.TC_002_LoginTest" name="test_login" time="4.816"/>
  <testcase classname="testCases.TC_001_AccountRegistreationTest" name="test_account_registration" time="6.887"/>
</testsuite> <!-- OpencartTest(failed) -->
