<?xml version="1.0" encoding="UTF-8"?>
<testng-results ignored="0" total="1" passed="1" failed="0" skipped="0">
  <reporter-output>
  </reporter-output>
  <suite started-at="2023-12-23T21:05:04 IST" name="OpencartSuite" finished-at="2023-12-23T21:05:23 IST" duration-ms="18753">
    <groups>
      <group name="Master">
        <method signature="TC_002_LoginTest.test_login()[pri:0, instance:testCases.TC_002_LoginTest@6e0f5f7f]" name="test_login" class="testCases.TC_002_LoginTest"/>
      </group> <!-- Master -->
      <group name="Sanity">
        <method signature="TC_002_LoginTest.test_login()[pri:0, instance:testCases.TC_002_LoginTest@6e0f5f7f]" name="test_login" class="testCases.TC_002_LoginTest"/>
      </group> <!-- Sanity -->
    </groups>
    <test started-at="2023-12-23T21:05:04 IST" name="OpencartTest" finished-at="2023-12-23T21:05:23 IST" duration-ms="18753">
      <class name="testCases.TC_002_LoginTest">
        <test-method is-config="true" signature="setup(java.lang.String)[pri:0, instance:testCases.TC_002_LoginTest@6e0f5f7f]" started-at="2023-12-23T21:05:04 IST" name="setup" finished-at="2023-12-23T21:05:19 IST" duration-ms="15111" status="PASS">
          <params>
            <param index="0">
              <value>
                <![CDATA[chrome]]>
              </value>
            </param>
          </params>
          <reporter-output>
          </reporter-output>
        </test-method> <!-- setup -->
        <test-method signature="test_login()[pri:0, instance:testCases.TC_002_LoginTest@6e0f5f7f]" started-at="2023-12-23T21:05:19 IST" name="test_login" finished-at="2023-12-23T21:05:22 IST" duration-ms="2984" status="PASS">
          <reporter-output>
          </reporter-output>
        </test-method> <!-- test_login -->
        <test-method is-config="true" signature="tearDown()[pri:0, instance:testCases.TC_002_LoginTest@6e0f5f7f]" started-at="2023-12-23T21:05:22 IST" name="tearDown" finished-at="2023-12-23T21:05:23 IST" duration-ms="598" status="PASS">
          <reporter-output>
          </reporter-output>
        </test-method> <!-- tearDown -->
      </class> <!-- testCases.TC_002_LoginTest -->
    </test> <!-- OpencartTest -->
  </suite> <!-- OpencartSuite -->
</testng-results>
