<?xml version="1.0" encoding="UTF-8"?>
<testng-results ignored="0" total="1" passed="1" failed="0" skipped="0">
  <reporter-output>
  </reporter-output>
  <suite started-at="2023-12-25T12:28:26 IST" name="OpencartSuite" finished-at="2023-12-25T12:28:47 IST" duration-ms="20235">
    <groups>
      <group name="Master">
        <method signature="TC_005_AddToCartPage.test_search()[pri:0, instance:testCases.TC_005_AddToCartPage@5b03b9fe]" name="test_search" class="testCases.TC_005_AddToCartPage"/>
      </group> <!-- Master -->
      <group name="Sanity">
        <method signature="TC_005_AddToCartPage.test_search()[pri:0, instance:testCases.TC_005_AddToCartPage@5b03b9fe]" name="test_search" class="testCases.TC_005_AddToCartPage"/>
      </group> <!-- Sanity -->
    </groups>
    <test started-at="2023-12-25T12:28:26 IST" name="OpencartTest" finished-at="2023-12-25T12:28:47 IST" duration-ms="20235">
      <class name="testCases.TC_005_AddToCartPage">
        <test-method is-config="true" signature="setup(java.lang.String)[pri:0, instance:testCases.TC_005_AddToCartPage@5b03b9fe]" started-at="2023-12-25T12:28:26 IST" name="setup" finished-at="2023-12-25T12:28:40 IST" duration-ms="13955" status="PASS">
          <params>
            <param index="0">
              <value>
                <![CDATA[chrome]]>
              </value>
            </param>
          </params>
          <reporter-output>
          </reporter-output>
        </test-method> <!-- setup -->
        <test-method signature="test_search()[pri:0, instance:testCases.TC_005_AddToCartPage@5b03b9fe]" started-at="2023-12-25T12:28:40 IST" name="test_search" finished-at="2023-12-25T12:28:46 IST" duration-ms="5732" status="PASS">
          <reporter-output>
          </reporter-output>
        </test-method> <!-- test_search -->
        <test-method is-config="true" signature="tearDown()[pri:0, instance:testCases.TC_005_AddToCartPage@5b03b9fe]" started-at="2023-12-25T12:28:46 IST" name="tearDown" finished-at="2023-12-25T12:28:46 IST" duration-ms="484" status="PASS">
          <reporter-output>
          </reporter-output>
        </test-method> <!-- tearDown -->
      </class> <!-- testCases.TC_005_AddToCartPage -->
    </test> <!-- OpencartTest -->
  </suite> <!-- OpencartSuite -->
</testng-results>
