<?xml version="1.0" encoding="UTF-8"?>
<testng-results ignored="0" total="1" passed="1" failed="0" skipped="0">
  <reporter-output>
  </reporter-output>
  <suite started-at="2023-12-25T11:53:19 IST" name="OpencartSuite" finished-at="2023-12-25T11:53:43 IST" duration-ms="23999">
    <groups>
      <group name="Master">
        <method signature="TC_004_SearchProduct.test_search()[pri:0, instance:testCases.TC_004_SearchProduct@7d4f9aae]" name="test_search" class="testCases.TC_004_SearchProduct"/>
      </group> <!-- Master -->
      <group name="Sanity">
        <method signature="TC_004_SearchProduct.test_search()[pri:0, instance:testCases.TC_004_SearchProduct@7d4f9aae]" name="test_search" class="testCases.TC_004_SearchProduct"/>
      </group> <!-- Sanity -->
    </groups>
    <test started-at="2023-12-25T11:53:19 IST" name="OpencartTest" finished-at="2023-12-25T11:53:43 IST" duration-ms="23999">
      <class name="testCases.TC_004_SearchProduct">
        <test-method is-config="true" signature="setup(java.lang.String)[pri:0, instance:testCases.TC_004_SearchProduct@7d4f9aae]" started-at="2023-12-25T11:53:19 IST" name="setup" finished-at="2023-12-25T11:53:38 IST" duration-ms="19256" status="PASS">
          <params>
            <param index="0">
              <value>
                <![CDATA[chrome]]>
              </value>
            </param>
          </params>
          <reporter-output>
          </reporter-output>
        </test-method> <!-- setup -->
        <test-method signature="test_search()[pri:0, instance:testCases.TC_004_SearchProduct@7d4f9aae]" started-at="2023-12-25T11:53:38 IST" name="test_search" finished-at="2023-12-25T11:53:43 IST" duration-ms="4519" status="PASS">
          <reporter-output>
          </reporter-output>
        </test-method> <!-- test_search -->
      </class> <!-- testCases.TC_004_SearchProduct -->
    </test> <!-- OpencartTest -->
  </suite> <!-- OpencartSuite -->
</testng-results>
