<?xml version="1.0" encoding="UTF-8"?>
<!-- Generated by org.testng.reporters.JUnitXMLReporter -->
<testsuite ignored="0" hostname="NatsenetDell" failures="2" tests="2" name="OpencartTest" time="40.481" errors="0" timestamp="2023-12-21T14:19:44 IST">
  <testcase classname="testCases.TC_001_AccountRegistreationTest" name="test_account_registration" time="8.114">
    <failure type="java.lang.AssertionError" message="expected [Your Account Ha Been Created!] but found [Your Account Has Been Created!]">
      <![CDATA[java.lang.AssertionError: expected [Your Account Ha Been Created!] but found [Your Account Has Been Created!]
at testCases.TC_001_AccountRegistreationTest.test_account_registration(TC_001_AccountRegistreationTest.java:56)
at java.base/java.util.ArrayList.forEach(ArrayList.java:1511)
... Removed 33 stack frames]]>
    </failure>
  </testcase> <!-- test_account_registration -->
  <testcase classname="testCases.TC_002_LoginTest" name="test_login" time="1.672">
    <failure type="java.lang.AssertionError" message="null">
      <![CDATA[java.lang.AssertionError: null
at testCases.TC_002_LoginTest.test_login(TC_002_LoginTest.java:37)
at java.base/java.util.ArrayList.forEach(ArrayList.java:1511)
... Removed 29 stack frames]]>
    </failure>
  </testcase> <!-- test_login -->
</testsuite> <!-- OpencartTest -->
